
----------------------------------------------------------------------
17744:OPNADO
Entity: 2
A runtime error was detected at time 0.0 at the following block:

 *    3 0$              READ,Bus_Time,RECORDSET(Recordset 1):
                            Bus_Arrival_Time:
                            NEXT(1$);

COM Error: Code = -2147217865, Meaning = The Microsoft Access database engine could not find the object 'Bus_Arrival_Excel'. Make sure the object exists and that you spell its name and the path name correctly. If 'Bus_Arrival_Excel' is not a local object, check your network connection or contact the server administrator.,
while attempting to access file element Bus_Time.

----------------------------------------------------------------------


SIMAN Run Controller.

0.0 Hours>
                                      ARENA Simulation Results
                                               ingrid

                                  Summary for Replication 1 of 1

Project: Unnamed Project                                             Run execution date : 8/12/2020
Analyst: ingrid                                                      Model revision date: 8/12/2020

Replication ended at time      : 0.0 Hours 
Base Time Units: Hours

                                           TALLY VARIABLES

Identifier                                  Average   Half Width  Minimum    Maximum   Observations
___________________________________________________________________________________________________

Entity 1.VATime                                 --         --         --         --          0
Entity 1.NVATime                                --         --         --         --          0
Entity 1.WaitTime                               --         --         --         --          0
Entity 1.TranTime                               --         --         --         --          0
Entity 1.OtherTime                              --         --         --         --          0
Entity 1.TotalTime                              --         --         --         --          0

                                     DISCRETE-CHANGE VARIABLES

Identifier                                  Average   Half Width  Minimum    Maximum   Final Value
___________________________________________________________________________________________________

Entity 1.WIP                                .00000     (Insuf)    .00000     1.0000     1.0000    

                                             OUTPUTS

Identifier                                   Value
_____________________________________________________________

Entity 1.NumberIn                           1.0000    
Entity 1.NumberOut                          .00000    
System.NumberOut                            .00000    


Simulation run time: 1.27 minutes.
Simulation run completed with 1 error(s) and 0 warning(s).
